#
# There is insufficient memory for the Java Runtime Environment to continue.
# Native memory allocation (malloc) failed to allocate 434352 bytes for Chunk::new
# Possible reasons:
#   The system is out of physical RAM or swap space
#   In 32 bit mode, the process size limit was hit
# Possible solutions:
#   Reduce memory load on the system
#   Increase physical memory or swap space
#   Check if swap backing store is full
#   Use 64 bit Java on a 64 bit OS
#   Decrease Java heap size (-Xmx/-Xms)
#   Decrease number of Java threads
#   Decrease Java thread stack sizes (-Xss)
#   Set larger code cache with -XX:ReservedCodeCacheSize=
# This output file may be truncated or incomplete.
#
#  Out of Memory Error (allocation.cpp:323), pid=2400, tid=9348
#
# JRE version: Java(TM) SE Runtime Environment (7.0_79-b15) (build 1.7.0_79-b15)
# Java VM: Java HotSpot(TM) 64-Bit Server VM (24.79-b02 mixed mode windows-amd64 compressed oops)
# Failed to write core dump. Minidumps are not enabled by default on client versions of Windows
#

---------------  T H R E A D  ---------------

Current thread (0x0000000008292800):  JavaThread "C2 CompilerThread1" daemon [_thread_in_native, id=9348, stack(0x00000000098f0000,0x00000000099f0000)]

Stack: [0x00000000098f0000,0x00000000099f0000]

Current CompileTask:
C2:   3377  308   !         com.android.dx.cf.code.Ropper::processBlock (1101 bytes)


---------------  P R O C E S S  ---------------

Java Threads: ( => current thread )
  0x0000000009d4a800 JavaThread "pool-1-thread-1" [_thread_in_Java, id=1556, stack(0x000000000bcc0000,0x000000000bdc0000)]
  0x0000000008295000 JavaThread "Service Thread" daemon [_thread_blocked, id=8604, stack(0x00000000099f0000,0x0000000009af0000)]
=>0x0000000008292800 JavaThread "C2 CompilerThread1" daemon [_thread_in_native, id=9348, stack(0x00000000098f0000,0x00000000099f0000)]
  0x0000000008284000 JavaThread "C2 CompilerThread0" daemon [_thread_in_native, id=9600, stack(0x00000000097f0000,0x00000000098f0000)]
  0x0000000008283000 JavaThread "Attach Listener" daemon [_thread_blocked, id=996, stack(0x00000000096f0000,0x00000000097f0000)]
  0x0000000008280000 JavaThread "Signal Dispatcher" daemon [_thread_blocked, id=9364, stack(0x00000000095f0000,0x00000000096f0000)]
  0x0000000008249800 JavaThread "Finalizer" daemon [_thread_blocked, id=2592, stack(0x00000000094f0000,0x00000000095f0000)]
  0x0000000008246000 JavaThread "Reference Handler" daemon [_thread_blocked, id=6304, stack(0x00000000093f0000,0x00000000094f0000)]
  0x00000000022ed800 JavaThread "main" [_thread_blocked, id=3708, stack(0x0000000002130000,0x0000000002230000)]

Other Threads:
  0x0000000008242000 VMThread [stack: 0x00000000092f0000,0x00000000093f0000] [id=9152]
  0x00000000082a3800 WatcherThread [stack: 0x0000000009af0000,0x0000000009bf0000] [id=5696]

VM state:not at safepoint (normal execution)

VM Mutex/Monitor currently owned by a thread: None

Heap
 PSYoungGen      total 38400K, used 29726K [0x00000000eaa80000, 0x00000000ed500000, 0x0000000100000000)
  eden space 33280K, 73% used [0x00000000eaa80000,0x00000000ec28c600,0x00000000ecb00000)
  from space 5120K, 99% used [0x00000000ecb00000,0x00000000ecffb438,0x00000000ed000000)
  to   space 5120K, 0% used [0x00000000ed000000,0x00000000ed000000,0x00000000ed500000)
 ParOldGen       total 86016K, used 1706K [0x00000000c0000000, 0x00000000c5400000, 0x00000000eaa80000)
  object space 86016K, 1% used [0x00000000c0000000,0x00000000c01aaa00,0x00000000c5400000)
 PSPermGen       total 21504K, used 5909K [0x00000000bae00000, 0x00000000bc300000, 0x00000000c0000000)
  object space 21504K, 27% used [0x00000000bae00000,0x00000000bb3c5400,0x00000000bc300000)

Card table byte_map: [0x00000000054b0000,0x00000000056e0000] byte_map_base: 0x0000000004ed9000

Polling page: 0x0000000002230000

Code Cache  [0x00000000023f0000, 0x0000000002660000, 0x00000000053f0000)
 total_blobs=547 nmethods=310 adapters=189 free_code_cache=47905Kb largest_free_block=49017792

Compilation events (10 events):
Event: 3.203 Thread 0x0000000008292800 nmethod 306 0x0000000002527f10 code [0x0000000002528060, 0x00000000025281d8]
Event: 3.203 Thread 0x0000000008292800  308   !         com.android.dx.cf.code.Ropper::processBlock (1101 bytes)
Event: 3.229 Thread 0x0000000008284000 nmethod 307 0x000000000252f290 code [0x000000000252f480, 0x00000000025300b8]
Event: 3.229 Thread 0x0000000008284000  309             com.android.dx.ssa.NormalSsaInsn::<init> (15 bytes)
Event: 3.230 Thread 0x0000000008284000 nmethod 309 0x0000000002527c50 code [0x0000000002527d80, 0x0000000002527e38]
Event: 3.230 Thread 0x0000000008284000  310             com.android.dx.cf.code.ByteCatchList::get (9 bytes)
Event: 3.231 Thread 0x0000000008284000 nmethod 310 0x0000000002525d10 code [0x0000000002525e60, 0x0000000002525f18]
Event: 3.231 Thread 0x0000000008284000  311             com.android.dx.cf.code.ByteCatchList::listFor (120 bytes)
Event: 3.245 Thread 0x0000000008284000 nmethod 311 0x000000000251fe50 code [0x000000000251ffc0, 0x0000000002520638]
Event: 3.245 Thread 0x0000000008284000  312   !         com.android.dx.cf.code.BytecodeArray::parseInstruction (2764 bytes)

GC Heap History (2 events):
Event: 2.687 GC heap before
{Heap before GC invocations=1 (full 0):
 PSYoungGen      total 38400K, used 33280K [0x00000000eaa80000, 0x00000000ed500000, 0x0000000100000000)
  eden space 33280K, 100% used [0x00000000eaa80000,0x00000000ecb00000,0x00000000ecb00000)
  from space 5120K, 0% used [0x00000000ed000000,0x00000000ed000000,0x00000000ed500000)
  to   space 5120K, 0% used [0x00000000ecb00000,0x00000000ecb00000,0x00000000ed000000)
 ParOldGen       total 86016K, used 0K [0x00000000c0000000, 0x00000000c5400000, 0x00000000eaa80000)
  object space 86016K, 0% used [0x00000000c0000000,0x00000000c0000000,0x00000000c5400000)
 PSPermGen       total 21504K, used 5806K [0x00000000bae00000, 0x00000000bc300000, 0x00000000c0000000)
  object space 21504K, 27% used [0x00000000bae00000,0x00000000bb3aba00,0x00000000bc300000)
Event: 2.702 GC heap after
Heap after GC invocations=1 (full 0):
 PSYoungGen      total 38400K, used 5101K [0x00000000eaa80000, 0x00000000ed500000, 0x0000000100000000)
  eden space 33280K, 0% used [0x00000000eaa80000,0x00000000eaa80000,0x00000000ecb00000)
  from space 5120K, 99% used [0x00000000ecb00000,0x00000000ecffb438,0x00000000ed000000)
  to   space 5120K, 0% used [0x00000000ed000000,0x00000000ed000000,0x00000000ed500000)
 ParOldGen       total 86016K, used 1706K [0x00000000c0000000, 0x00000000c5400000, 0x00000000eaa80000)
  object space 86016K, 1% used [0x00000000c0000000,0x00000000c01aaa00,0x00000000c5400000)
 PSPermGen       total 21504K, used 5806K [0x00000000bae00000, 0x00000000bc300000, 0x00000000c0000000)
  object space 21504K, 27% used [0x00000000bae00000,0x00000000bb3aba00,0x00000000bc300000)
}

Deoptimization events (10 events):
Event: 1.539 Thread 0x00000000022ed800 Uncommon trap: reason=class_check action=maybe_recompile pc=0x0000000002467d18 method=com.android.dx.ssa.NormalSsaInsn.accept(Lcom/android/dx/ssa/SsaInsn$Visitor;)V @ 9
Event: 1.539 Thread 0x00000000022ed800 Uncommon trap: reason=class_check action=maybe_recompile pc=0x0000000002467d18 method=com.android.dx.ssa.NormalSsaInsn.accept(Lcom/android/dx/ssa/SsaInsn$Visitor;)V @ 9
Event: 1.549 Thread 0x00000000022ed800 Uncommon trap: reason=class_check action=maybe_recompile pc=0x0000000002467d18 method=com.android.dx.ssa.NormalSsaInsn.accept(Lcom/android/dx/ssa/SsaInsn$Visitor;)V @ 9
Event: 1.922 Thread 0x00000000022ed800 Uncommon trap: reason=null_check action=make_not_entrant pc=0x00000000024a0914 method=com.android.dx.rop.code.RegisterSpec.equals(Ljava/lang/Object;)Z @ 1
Event: 2.204 Thread 0x0000000009d34800 Uncommon trap: reason=class_check action=maybe_recompile pc=0x00000000024913e4 method=java.util.HashMap.put(Ljava/lang/Object;Ljava/lang/Object;)Ljava/lang/Object; @ 83
Event: 2.204 Thread 0x0000000009d34800 Uncommon trap: reason=class_check action=maybe_recompile pc=0x00000000024913e4 method=java.util.HashMap.put(Ljava/lang/Object;Ljava/lang/Object;)Ljava/lang/Object; @ 83
Event: 2.204 Thread 0x0000000009d34800 Uncommon trap: reason=class_check action=maybe_recompile pc=0x00000000024913e4 method=java.util.HashMap.put(Ljava/lang/Object;Ljava/lang/Object;)Ljava/lang/Object; @ 83
Event: 2.315 Thread 0x0000000009d32800 Uncommon trap: reason=class_check action=maybe_recompile pc=0x00000000024913e4 method=java.util.HashMap.put(Ljava/lang/Object;Ljava/lang/Object;)Ljava/lang/Object; @ 83
Event: 2.535 Thread 0x0000000009d4a800 Uncommon trap: reason=null_check action=make_not_entrant pc=0x00000000024b49cc method=com.android.dx.ssa.SsaRenamer.getLocalForNewReg(I)Lcom/android/dx/rop/code/LocalItem; @ 19
Event: 3.006 Thread 0x0000000009d34800 Uncommon trap: reason=null_check action=make_not_entrant pc=0x0000000002506c1c method=com.android.dx.cf.code.Ropper$CatchInfo.getSetup(Lcom/android/dx/rop/type/Type;)Lcom/android/dx/cf/code/Ropper$ExceptionHandlerSetup; @ 10

Internal exceptions (10 events):
Event: 1.375 Thread 0x0000000009d34000 Implicit null exception at 0x0000000002469159 to 0x0000000002469545
Event: 1.922 Thread 0x00000000022ed800 Implicit null exception at 0x000000000249fa32 to 0x00000000024a08e9
Event: 1.957 Thread 0x00000000022ed800 Threw 0x00000000ec030cb8 at C:\re\jdk7u79\2331\hotspot\src\share\vm\prims\jvm.cpp:1304
Event: 2.535 Thread 0x0000000009d4a800 Implicit null exception at 0x00000000024b3522 to 0x00000000024b49a1
Event: 2.751 Thread 0x00000000022ed800 Threw 0x00000000ead77108 at C:\re\jdk7u79\2331\hotspot\src\share\vm\prims\jvm.cpp:1304
Event: 2.752 Thread 0x00000000022ed800 Threw 0x00000000ead813d0 at C:\re\jdk7u79\2331\hotspot\src\share\vm\prims\jvm.cpp:1304
Event: 2.753 Thread 0x00000000022ed800 Threw 0x00000000ead836d8 at C:\re\jdk7u79\2331\hotspot\src\share\vm\prims\jvm.cpp:1304
Event: 3.006 Thread 0x0000000009d34800 Implicit null exception at 0x0000000002504930 to 0x0000000002506c11
Event: 3.195 Thread 0x00000000022ed800 Threw 0x00000000ead864e8 at C:\re\jdk7u79\2331\hotspot\src\share\vm\prims\jvm.cpp:1304
Event: 3.205 Thread 0x0000000009d4a800 Threw 0x00000000ec241f08 at C:\re\jdk7u79\2331\hotspot\src\share\vm\prims\jvm.cpp:1304

Events (10 events):
Event: 3.198 loading class 0x00000000082ab4c0
Event: 3.198 loading class 0x0000000009cce1e0
Event: 3.198 loading class 0x00000000082ab340
Event: 3.198 loading class 0x00000000082ab340 done
Event: 3.198 loading class 0x0000000009cce1e0 done
Event: 3.198 loading class 0x00000000082ab4c0 done
Event: 3.198 loading class 0x00000000082ab490
Event: 3.198 loading class 0x00000000082ab490 done
Event: 3.205 loading class 0x0000000009d63920
Event: 3.205 loading class 0x0000000009d63920 done


Dynamic libraries:
0x00007ff73e290000 - 0x00007ff73e2c3000 	C:\Program Files\Java\jdk1.7.0_79\bin\java.exe
0x00007ff8ef930000 - 0x00007ff8efaf1000 	C:\WINDOWS\SYSTEM32\ntdll.dll
0x00007ff8ed400000 - 0x00007ff8ed4ad000 	C:\WINDOWS\system32\KERNEL32.DLL
0x00007ff8ec1e0000 - 0x00007ff8ec3c8000 	C:\WINDOWS\system32\KERNELBASE.dll
0x00007ff8ed1f0000 - 0x00007ff8ed297000 	C:\WINDOWS\system32\ADVAPI32.dll
0x00007ff8ed150000 - 0x00007ff8ed1ed000 	C:\WINDOWS\system32\msvcrt.dll
0x00007ff8ed2f0000 - 0x00007ff8ed34b000 	C:\WINDOWS\system32\sechost.dll
0x00007ff8ef790000 - 0x00007ff8ef8ac000 	C:\WINDOWS\system32\RPCRT4.dll
0x00007ff8ecf60000 - 0x00007ff8ed0b6000 	C:\WINDOWS\system32\USER32.dll
0x00007ff8eee40000 - 0x00007ff8eefc6000 	C:\WINDOWS\system32\GDI32.dll
0x00007ff8e2180000 - 0x00007ff8e23f4000 	C:\WINDOWS\WinSxS\amd64_microsoft.windows.common-controls_6595b64144ccf1df_6.0.10586.456_none_a2dab172a53c62af\COMCTL32.dll
0x00007ff8eebc0000 - 0x00007ff8eee3d000 	C:\WINDOWS\system32\combase.dll
0x00007ff8ec0c0000 - 0x00007ff8ec12a000 	C:\WINDOWS\system32\bcryptPrimitives.dll
0x00007ff8ed2a0000 - 0x00007ff8ed2db000 	C:\WINDOWS\system32\IMM32.DLL
0x00000000540a0000 - 0x0000000054172000 	C:\Program Files\Java\jdk1.7.0_79\jre\bin\msvcr100.dll
0x0000000054530000 - 0x0000000054d05000 	C:\Program Files\Java\jdk1.7.0_79\jre\bin\server\jvm.dll
0x00007ff8ef8b0000 - 0x00007ff8ef8b8000 	C:\WINDOWS\system32\PSAPI.DLL
0x00007ff8db830000 - 0x00007ff8db839000 	C:\WINDOWS\SYSTEM32\WSOCK32.dll
0x00007ff8ef8c0000 - 0x00007ff8ef92b000 	C:\WINDOWS\system32\WS2_32.dll
0x00007ff8ea570000 - 0x00007ff8ea593000 	C:\WINDOWS\SYSTEM32\WINMM.dll
0x00007ff8ea320000 - 0x00007ff8ea34c000 	C:\WINDOWS\SYSTEM32\WINMMBASE.dll
0x00007ff8ec070000 - 0x00007ff8ec0b3000 	C:\WINDOWS\system32\cfgmgr32.dll
0x0000000054520000 - 0x000000005452f000 	C:\Program Files\Java\jdk1.7.0_79\jre\bin\verify.dll
0x00000000544f0000 - 0x0000000054518000 	C:\Program Files\Java\jdk1.7.0_79\jre\bin\java.dll
0x00000000544d0000 - 0x00000000544e5000 	C:\Program Files\Java\jdk1.7.0_79\jre\bin\zip.dll
0x00000000544b0000 - 0x00000000544ca000 	C:\Program Files\Java\jdk1.7.0_79\jre\bin\net.dll
0x00007ff8eb820000 - 0x00007ff8eb87c000 	C:\WINDOWS\system32\mswsock.dll
0x0000000054490000 - 0x00000000544a1000 	C:\Program Files\Java\jdk1.7.0_79\jre\bin\nio.dll

VM Arguments:
jvm_args: -Djava.awt.headless=true -Xmx1024M -Dfile.encoding=windows-1252 -Duser.country=MX -Duser.language=es -Duser.variant 
java_command: com.android.dx.command.Main --dex --force-jumbo --num-threads=4 --multi-dex --output C:\Users\Jonatan\AndroidStudioProjects\TipCalc\app\build\intermediates\transforms\dex\debug\folders\1000\10\instant-run_8fea70fbb83d4a695086bf30dea8314c119b155a C:\Users\Jonatan\AndroidStudioProjects\TipCalc\app\build\intermediates\incremental-runtime-classes\debug\instant-run.jar
Launcher Type: SUN_STANDARD

Environment Variables:
PATH=C:\ProgramData\Oracle\Java\javapath;C:\app\client\Jonatan\product\12.1.0\client_1;C:\app\client\Jonatan\product\12.1.0\client_1\bin;C:\Python34\;C:\Python34\Scripts;C:\Program Files (x86)\Intel\iCLS Client\;C:\Program Files\Intel\iCLS Client\;C:\Windows\system32;C:\Windows;C:\Windows\System32\Wbem;C:\Windows\System32\WindowsPowerShell\v1.0\;C:\Program Files\Intel\Intel(R) Management Engine Components\DAL;C:\Program Files (x86)\Intel\Intel(R) Management Engine Components\DAL;C:\Program Files\Intel\Intel(R) Management Engine Components\IPT;C:\Program Files (x86)\Intel\Intel(R) Management Engine Components\IPT;C:\Program Files\Intel\WiFi\bin\;C:\Program Files\Common Files\Intel\WirelessCommon\;C:\Users\Jonatan\.dnx\bin;C:\Program Files\Microsoft DNX\Dnvm\;C:\Program Files (x86)\Windows Kits\8.1\Windows Performance Toolkit\;C:\Program Files (x86)\NVIDIA Corporation\PhysX\Common;C:\Program Files (x86)\GNU\GnuPG\pub;C:\WINDOWS\system32;C:\WINDOWS;C:\WINDOWS\System32\Wbem;C:\WINDOWS\System32\WindowsPowerShell\v1.0\;C:\Program Files (x86)\Skype\Phone\;C:\Program Files\OpenVPN\bin;C:\Go\bin;C:\Program Files (x86)\GtkSharp\2.12\bin;C:\Program Files\Git\cmd;C:\Program Files (x86)\OpenVPN\bin;C:\Ruby22-x64\bin;C:\Program Files (x86)\Nmap;C:\ProgramData\chocolatey\bin
USERNAME=Jonatan
OS=Windows_NT
PROCESSOR_IDENTIFIER=Intel64 Family 6 Model 61 Stepping 4, GenuineIntel



---------------  S Y S T E M  ---------------

OS: Windows 8.1 , 64 bit Build 9600 

CPU:total 4 (2 cores per cpu, 2 threads per core) family 6 model 61 stepping 4, cmov, cx8, fxsr, mmx, sse, sse2, sse3, ssse3, sse4.1, sse4.2, popcnt, avx, avx2, aes, erms, ht, tsc, tscinvbit

Memory: 4k page, physical 8296900k(683660k free), swap 8296900k(4800k free)

vm_info: Java HotSpot(TM) 64-Bit Server VM (24.79-b02) for windows-amd64 JRE (1.7.0_79-b15), built on Apr 10 2015 12:36:16 by "java_re" with unknown MS VC++:1600

time: Mon Jul 11 22:18:11 2016
elapsed time: 3 seconds

