#
# There is insufficient memory for the Java Runtime Environment to continue.
# Native memory allocation (malloc) failed to allocate 32744 bytes for ChunkPool::allocate
# Possible reasons:
#   The system is out of physical RAM or swap space
#   In 32 bit mode, the process size limit was hit
# Possible solutions:
#   Reduce memory load on the system
#   Increase physical memory or swap space
#   Check if swap backing store is full
#   Use 64 bit Java on a 64 bit OS
#   Decrease Java heap size (-Xmx/-Xms)
#   Decrease number of Java threads
#   Decrease Java thread stack sizes (-Xss)
#   Set larger code cache with -XX:ReservedCodeCacheSize=
# This output file may be truncated or incomplete.
#
#  Out of Memory Error (allocation.cpp:211), pid=9848, tid=8796
#
# JRE version: Java(TM) SE Runtime Environment (7.0_79-b15) (build 1.7.0_79-b15)
# Java VM: Java HotSpot(TM) 64-Bit Server VM (24.79-b02 mixed mode windows-amd64 compressed oops)
# Failed to write core dump. Minidumps are not enabled by default on client versions of Windows
#

---------------  T H R E A D  ---------------

Current thread (0x00000000081c7800):  JavaThread "C2 CompilerThread1" daemon [_thread_in_native, id=8796, stack(0x0000000009830000,0x0000000009930000)]

Stack: [0x0000000009830000,0x0000000009930000]

Current CompileTask:
C2:   1319   92             com.android.dx.ssa.SsaMethod::computeReachability (131 bytes)


---------------  P R O C E S S  ---------------

Java Threads: ( => current thread )
  0x0000000009d92800 JavaThread "pool-2-thread-4" [_thread_in_Java, id=6820, stack(0x000000000a330000,0x000000000a430000)]
  0x0000000009d91800 JavaThread "pool-2-thread-3" [_thread_in_Java, id=6668, stack(0x000000000a230000,0x000000000a330000)]
  0x0000000009d8f000 JavaThread "pool-2-thread-2" [_thread_in_Java, id=6852, stack(0x000000000a130000,0x000000000a230000)]
  0x0000000009d8e000 JavaThread "pool-3-thread-1" [_thread_blocked, id=10004, stack(0x000000000a030000,0x000000000a130000)]
  0x0000000009c01800 JavaThread "pool-2-thread-1" [_thread_in_native, id=4712, stack(0x0000000009f30000,0x000000000a030000)]
  0x00000000081d9800 JavaThread "Service Thread" daemon [_thread_blocked, id=10132, stack(0x0000000009930000,0x0000000009a30000)]
=>0x00000000081c7800 JavaThread "C2 CompilerThread1" daemon [_thread_in_native, id=8796, stack(0x0000000009830000,0x0000000009930000)]
  0x00000000081c4800 JavaThread "C2 CompilerThread0" daemon [_thread_in_native, id=6872, stack(0x0000000009730000,0x0000000009830000)]
  0x00000000081c3800 JavaThread "Attach Listener" daemon [_thread_blocked, id=6472, stack(0x0000000009630000,0x0000000009730000)]
  0x00000000081c0800 JavaThread "Signal Dispatcher" daemon [_thread_blocked, id=2608, stack(0x0000000009530000,0x0000000009630000)]
  0x0000000008189800 JavaThread "Finalizer" daemon [_thread_blocked, id=3920, stack(0x0000000009430000,0x0000000009530000)]
  0x0000000008186000 JavaThread "Reference Handler" daemon [_thread_blocked, id=2992, stack(0x0000000009330000,0x0000000009430000)]
  0x000000000207d800 JavaThread "main" [_thread_in_Java, id=300, stack(0x0000000002130000,0x0000000002230000)]

Other Threads:
  0x0000000008182000 VMThread [stack: 0x0000000009230000,0x0000000009330000] [id=128]
  0x00000000081e4000 WatcherThread [stack: 0x0000000009a30000,0x0000000009b30000] [id=8964]

VM state:not at safepoint (normal execution)

VM Mutex/Monitor currently owned by a thread: None

Heap
 PSYoungGen      total 38400K, used 16032K [0x00000000eaa80000, 0x00000000ed500000, 0x0000000100000000)
  eden space 33280K, 48% used [0x00000000eaa80000,0x00000000eba28238,0x00000000ecb00000)
  from space 5120K, 0% used [0x00000000ed000000,0x00000000ed000000,0x00000000ed500000)
  to   space 5120K, 0% used [0x00000000ecb00000,0x00000000ecb00000,0x00000000ed000000)
 ParOldGen       total 86016K, used 0K [0x00000000c0000000, 0x00000000c5400000, 0x00000000eaa80000)
  object space 86016K, 0% used [0x00000000c0000000,0x00000000c0000000,0x00000000c5400000)
 PSPermGen       total 21504K, used 5611K [0x00000000bae00000, 0x00000000bc300000, 0x00000000c0000000)
  object space 21504K, 26% used [0x00000000bae00000,0x00000000bb37af68,0x00000000bc300000)

Card table byte_map: [0x00000000053f0000,0x0000000005620000] byte_map_base: 0x0000000004e19000

Polling page: 0x0000000000880000

Code Cache  [0x0000000002330000, 0x00000000025a0000, 0x0000000005330000)
 total_blobs=327 nmethods=90 adapters=189 free_code_cache=48628Kb largest_free_block=49777088

Compilation events (10 events):
Event: 1.293 Thread 0x00000000081c4800 nmethod 86 0x00000000023b5710 code [0x00000000023b5860, 0x00000000023b5af8]
Event: 1.296 Thread 0x00000000081c7800 nmethod 87 0x00000000023b7110 code [0x00000000023b7260, 0x00000000023b74b8]
Event: 1.300 Thread 0x00000000081c4800   88             com.android.dx.rop.code.RopMethod::calcPredecessors (227 bytes)
Event: 1.302 Thread 0x00000000081c7800   89             com.android.dx.util.Bits::findFirst (61 bytes)
Event: 1.304 Thread 0x00000000081c7800 nmethod 89 0x00000000023b6e50 code [0x00000000023b6f80, 0x00000000023b7058]
Event: 1.304 Thread 0x00000000081c7800   90             java.util.AbstractList::<init> (10 bytes)
Event: 1.304 Thread 0x00000000081c7800 nmethod 90 0x00000000023b3d90 code [0x00000000023b3ec0, 0x00000000023b3f18]
Event: 1.305 Thread 0x00000000081c7800   91             com.android.dx.rop.code.RegisterSpec::getLocalItem (5 bytes)
Event: 1.306 Thread 0x00000000081c7800 nmethod 91 0x00000000023b6c50 code [0x00000000023b6d80, 0x00000000023b6dd8]
Event: 1.306 Thread 0x00000000081c7800   92             com.android.dx.ssa.SsaMethod::computeReachability (131 bytes)

GC Heap History (0 events):
No events

Deoptimization events (5 events):
Event: 1.220 Thread 0x000000000207d800 Uncommon trap: reason=class_check action=maybe_recompile pc=0x00000000023aabac method=com.android.dx.ssa.NormalSsaInsn.accept(Lcom/android/dx/ssa/SsaInsn$Visitor;)V @ 9
Event: 1.237 Thread 0x0000000009d91800 Uncommon trap: reason=null_check action=make_not_entrant pc=0x00000000023abe4c method=com.android.dx.rop.code.LocalItem.equals(Ljava/lang/Object;)Z @ 1
Event: 1.249 Thread 0x000000000207d800 Uncommon trap: reason=class_check action=maybe_recompile pc=0x00000000023aabac method=com.android.dx.ssa.NormalSsaInsn.accept(Lcom/android/dx/ssa/SsaInsn$Visitor;)V @ 9
Event: 1.250 Thread 0x0000000009d92800 Uncommon trap: reason=class_check action=maybe_recompile pc=0x00000000023aabac method=com.android.dx.ssa.NormalSsaInsn.accept(Lcom/android/dx/ssa/SsaInsn$Visitor;)V @ 9
Event: 1.250 Thread 0x0000000009d92800 Uncommon trap: reason=class_check action=maybe_recompile pc=0x00000000023aabac method=com.android.dx.ssa.NormalSsaInsn.accept(Lcom/android/dx/ssa/SsaInsn$Visitor;)V @ 9

Internal exceptions (10 events):
Event: 0.990 Thread 0x0000000009d8f000 Threw 0x00000000eb60b328 at C:\re\jdk7u79\2331\hotspot\src\share\vm\prims\jvm.cpp:1304
Event: 0.991 Thread 0x0000000009d8f000 Threw 0x00000000eb60e118 at C:\re\jdk7u79\2331\hotspot\src\share\vm\prims\jvm.cpp:1304
Event: 0.992 Thread 0x0000000009d8f000 Threw 0x00000000eb611738 at C:\re\jdk7u79\2331\hotspot\src\share\vm\prims\jvm.cpp:1304
Event: 0.993 Thread 0x000000000207d800 Threw 0x00000000eb4ba8e0 at C:\re\jdk7u79\2331\hotspot\src\share\vm\prims\jvm.cpp:1304
Event: 1.004 Thread 0x0000000009d91800 Threw 0x00000000eb28d9e0 at C:\re\jdk7u79\2331\hotspot\src\share\vm\prims\jvm.cpp:1304
Event: 1.010 Thread 0x000000000207d800 Threw 0x00000000eb4d7190 at C:\re\jdk7u79\2331\hotspot\src\share\vm\prims\jvm.cpp:1304
Event: 1.022 Thread 0x0000000009d8f000 Threw 0x00000000eb6576d8 at C:\re\jdk7u79\2331\hotspot\src\share\vm\prims\jvm.cpp:1304
Event: 1.237 Thread 0x0000000009d91800 Implicit null exception at 0x00000000023aba55 to 0x00000000023abe39
Event: 1.258 Thread 0x0000000009c01800 Threw 0x00000000eb7d8028 at C:\re\jdk7u79\2331\hotspot\src\share\vm\prims\jvm.cpp:1304
Event: 1.259 Thread 0x000000000207d800 Threw 0x00000000eb763238 at C:\re\jdk7u79\2331\hotspot\src\share\vm\prims\jvm.cpp:1304

Events (10 events):
Event: 1.250 Thread 0x0000000009d92800 Uncommon trap: trap_request=0xffffffde fr.pc=0x00000000023aabac
Event: 1.250 Thread 0x0000000009d92800 DEOPT PACKING pc=0x00000000023aabac sp=0x000000000a42eb00
Event: 1.250 Thread 0x0000000009d92800 DEOPT UNPACKING pc=0x00000000023675a4 sp=0x000000000a42ea50 mode 2
Event: 1.250 Thread 0x0000000009d92800 Uncommon trap: trap_request=0xffffffde fr.pc=0x00000000023aabac
Event: 1.250 Thread 0x0000000009d92800 DEOPT PACKING pc=0x00000000023aabac sp=0x000000000a42e8c0
Event: 1.250 Thread 0x0000000009d92800 DEOPT UNPACKING pc=0x00000000023675a4 sp=0x000000000a42e810 mode 2
Event: 1.254 loading class 0x0000000009c74460
Event: 1.254 loading class 0x0000000009c74460 done
Event: 1.259 loading class 0x0000000008236030
Event: 1.259 loading class 0x0000000008236030 done


Dynamic libraries:
0x00007ff73e290000 - 0x00007ff73e2c3000 	C:\Program Files\Java\jdk1.7.0_79\bin\java.exe
0x00007ff8ef930000 - 0x00007ff8efaf1000 	C:\WINDOWS\SYSTEM32\ntdll.dll
0x00007ff8ed400000 - 0x00007ff8ed4ad000 	C:\WINDOWS\system32\KERNEL32.DLL
0x00007ff8ec1e0000 - 0x00007ff8ec3c8000 	C:\WINDOWS\system32\KERNELBASE.dll
0x00007ff8ed1f0000 - 0x00007ff8ed297000 	C:\WINDOWS\system32\ADVAPI32.dll
0x00007ff8ed150000 - 0x00007ff8ed1ed000 	C:\WINDOWS\system32\msvcrt.dll
0x00007ff8ed2f0000 - 0x00007ff8ed34b000 	C:\WINDOWS\system32\sechost.dll
0x00007ff8ef790000 - 0x00007ff8ef8ac000 	C:\WINDOWS\system32\RPCRT4.dll
0x00007ff8ecf60000 - 0x00007ff8ed0b6000 	C:\WINDOWS\system32\USER32.dll
0x00007ff8eee40000 - 0x00007ff8eefc6000 	C:\WINDOWS\system32\GDI32.dll
0x00007ff8e2180000 - 0x00007ff8e23f4000 	C:\WINDOWS\WinSxS\amd64_microsoft.windows.common-controls_6595b64144ccf1df_6.0.10586.456_none_a2dab172a53c62af\COMCTL32.dll
0x00007ff8eebc0000 - 0x00007ff8eee3d000 	C:\WINDOWS\system32\combase.dll
0x00007ff8ec0c0000 - 0x00007ff8ec12a000 	C:\WINDOWS\system32\bcryptPrimitives.dll
0x00007ff8ed2a0000 - 0x00007ff8ed2db000 	C:\WINDOWS\system32\IMM32.DLL
0x00000000540a0000 - 0x0000000054172000 	C:\Program Files\Java\jdk1.7.0_79\jre\bin\msvcr100.dll
0x0000000054530000 - 0x0000000054d05000 	C:\Program Files\Java\jdk1.7.0_79\jre\bin\server\jvm.dll
0x00007ff8ef8b0000 - 0x00007ff8ef8b8000 	C:\WINDOWS\system32\PSAPI.DLL
0x00007ff8db830000 - 0x00007ff8db839000 	C:\WINDOWS\SYSTEM32\WSOCK32.dll
0x00007ff8ef8c0000 - 0x00007ff8ef92b000 	C:\WINDOWS\system32\WS2_32.dll
0x00007ff8ea570000 - 0x00007ff8ea593000 	C:\WINDOWS\SYSTEM32\WINMM.dll
0x00007ff8ea320000 - 0x00007ff8ea34c000 	C:\WINDOWS\SYSTEM32\WINMMBASE.dll
0x00007ff8ec070000 - 0x00007ff8ec0b3000 	C:\WINDOWS\system32\cfgmgr32.dll
0x0000000054520000 - 0x000000005452f000 	C:\Program Files\Java\jdk1.7.0_79\jre\bin\verify.dll
0x00000000544f0000 - 0x0000000054518000 	C:\Program Files\Java\jdk1.7.0_79\jre\bin\java.dll
0x00000000544d0000 - 0x00000000544e5000 	C:\Program Files\Java\jdk1.7.0_79\jre\bin\zip.dll
0x00000000544b0000 - 0x00000000544ca000 	C:\Program Files\Java\jdk1.7.0_79\jre\bin\net.dll
0x00007ff8eb820000 - 0x00007ff8eb87c000 	C:\WINDOWS\system32\mswsock.dll
0x0000000054490000 - 0x00000000544a1000 	C:\Program Files\Java\jdk1.7.0_79\jre\bin\nio.dll

VM Arguments:
jvm_args: -Djava.awt.headless=true -Xmx1024M -Dfile.encoding=windows-1252 -Duser.country=MX -Duser.language=es -Duser.variant 
java_command: com.android.dx.command.Main --dex --force-jumbo --num-threads=4 --multi-dex --output C:\Users\Jonatan\AndroidStudioProjects\TipCalc\app\build\intermediates\transforms\dex\debug\folders\1000\10\com.android.support-recyclerview-v7-23.3.0_d73fba8eaaeab62673db9f8db75176767590b64a C:\Users\Jonatan\AndroidStudioProjects\TipCalc\app\build\intermediates\exploded-aar\com.android.support\recyclerview-v7\23.3.0\jars\classes.jar
Launcher Type: SUN_STANDARD

Environment Variables:
PATH=C:\ProgramData\Oracle\Java\javapath;C:\app\client\Jonatan\product\12.1.0\client_1;C:\app\client\Jonatan\product\12.1.0\client_1\bin;C:\Python34\;C:\Python34\Scripts;C:\Program Files (x86)\Intel\iCLS Client\;C:\Program Files\Intel\iCLS Client\;C:\Windows\system32;C:\Windows;C:\Windows\System32\Wbem;C:\Windows\System32\WindowsPowerShell\v1.0\;C:\Program Files\Intel\Intel(R) Management Engine Components\DAL;C:\Program Files (x86)\Intel\Intel(R) Management Engine Components\DAL;C:\Program Files\Intel\Intel(R) Management Engine Components\IPT;C:\Program Files (x86)\Intel\Intel(R) Management Engine Components\IPT;C:\Program Files\Intel\WiFi\bin\;C:\Program Files\Common Files\Intel\WirelessCommon\;C:\Users\Jonatan\.dnx\bin;C:\Program Files\Microsoft DNX\Dnvm\;C:\Program Files (x86)\Windows Kits\8.1\Windows Performance Toolkit\;C:\Program Files (x86)\NVIDIA Corporation\PhysX\Common;C:\Program Files (x86)\GNU\GnuPG\pub;C:\WINDOWS\system32;C:\WINDOWS;C:\WINDOWS\System32\Wbem;C:\WINDOWS\System32\WindowsPowerShell\v1.0\;C:\Program Files (x86)\Skype\Phone\;C:\Program Files\OpenVPN\bin;C:\Go\bin;C:\Program Files (x86)\GtkSharp\2.12\bin;C:\Program Files\Git\cmd;C:\Program Files (x86)\OpenVPN\bin;C:\Ruby22-x64\bin;C:\Program Files (x86)\Nmap;C:\ProgramData\chocolatey\bin
USERNAME=Jonatan
OS=Windows_NT
PROCESSOR_IDENTIFIER=Intel64 Family 6 Model 61 Stepping 4, GenuineIntel



---------------  S Y S T E M  ---------------

OS: Windows 8.1 , 64 bit Build 9600 

CPU:total 4 (2 cores per cpu, 2 threads per core) family 6 model 61 stepping 4, cmov, cx8, fxsr, mmx, sse, sse2, sse3, ssse3, sse4.1, sse4.2, popcnt, avx, avx2, aes, erms, ht, tsc, tscinvbit

Memory: 4k page, physical 8296900k(863204k free), swap 8296900k(2192k free)

vm_info: Java HotSpot(TM) 64-Bit Server VM (24.79-b02) for windows-amd64 JRE (1.7.0_79-b15), built on Apr 10 2015 12:36:16 by "java_re" with unknown MS VC++:1600

time: Mon Jul 11 22:18:07 2016
elapsed time: 1 seconds

